<?xml version="1.0" encoding="UTF-8"?>
<!-- Generated by org.testng.reporters.JUnitXMLReporter -->
<testsuite ignored="0" hostname="DESKTOP-73JM3I5" failures="1" tests="1" name="FunctionalTesting(failed)" time="27.9" errors="0" timestamp="01 Dec 2022 06:43:28 GMT">
  <testcase classname="TestSuite.Travel" name="testing" time="27.805">
    <failure type="java.io.FileNotFoundException" message="C:\Users\lenovo\Downloads\FindTravelInsurancePlan\FindTravelInsurance\Screenshot\screenshot.png (The system cannot find the path specified)">
      <![CDATA[java.io.FileNotFoundException: C:\Users\lenovo\Downloads\FindTravelInsurancePlan\FindTravelInsurance\Screenshot\screenshot.png (The system cannot find the path specified)
at java.base/java.io.FileOutputStream.open0(Native Method)
at java.base/java.io.FileOutputStream.open(FileOutputStream.java:293)
at java.base/java.io.FileOutputStream.<init>(FileOutputStream.java:235)
at java.base/java.io.FileOutputStream.<init>(FileOutputStream.java:184)
at org.openqa.selenium.io.FileHandler.copyFile(FileHandler.java:138)
at org.openqa.selenium.io.FileHandler.copy(FileHandler.java:117)
at Pages.CarInsurance.car(CarInsurance.java:63)
at TestSuite.Travel.testing(Travel.java:23)
... Removed 25 stack frames]]>
    </failure>
  </testcase> <!-- testing -->
</testsuite> <!-- FunctionalTesting(failed) -->
